0 verbose cli /usr/local/bin/node /usr/local/bin/npm
1 info using npm@10.9.4
2 info using node@v21.7.3
3 silly config load:file:/usr/local/lib/node_modules/npm/npmrc
4 silly config load:file:/home/container/.npmrc
5 silly config load:file:/usr/local/etc/npmrc
6 verbose title npm install
7 verbose argv "install"
8 verbose logfile logs-max:10 dir:/home/container/.npm/_logs/2026-03-08T00_11_55_831Z-
9 verbose logfile /home/container/.npm/_logs/2026-03-08T00_11_55_831Z-debug-0.log
10 silly logfile done cleaning log files
11 silly packumentCache heap:321388544 maxSize:80347136 maxEntrySize:40173568
12 silly idealTree buildDeps
13 silly reify moves {}
14 silly audit bulk request {
14 silly audit   '@octokit/app': [ '16.1.2' ],
14 silly audit   '@octokit/auth-app': [ '8.2.0' ],
14 silly audit   '@octokit/auth-oauth-app': [ '9.0.3' ],
14 silly audit   '@octokit/auth-oauth-device': [ '8.0.3' ],
14 silly audit   '@octokit/auth-oauth-user': [ '6.0.2' ],
14 silly audit   '@octokit/auth-token': [ '6.0.0' ],
14 silly audit   '@octokit/auth-unauthenticated': [ '7.0.3' ],
14 silly audit   '@octokit/core': [ '7.0.6' ],
14 silly audit   '@octokit/endpoint': [ '11.0.3' ],
14 silly audit   '@octokit/graphql': [ '9.0.3' ],
14 silly audit   '@octokit/oauth-app': [ '8.0.3' ],
14 silly audit   '@octokit/oauth-authorization-url': [ '8.0.0' ],
14 silly audit   '@octokit/oauth-methods': [ '6.0.2' ],
14 silly audit   '@octokit/openapi-types': [ '27.0.0' ],
14 silly audit   '@octokit/openapi-webhooks-types': [ '12.1.0' ],
14 silly audit   '@octokit/plugin-paginate-graphql': [ '6.0.0' ],
14 silly audit   '@octokit/plugin-paginate-rest': [ '14.0.0' ],
14 silly audit   '@octokit/plugin-request-log': [ '6.0.0' ],
14 silly audit   '@octokit/plugin-rest-endpoint-methods': [ '17.0.0' ],
14 silly audit   '@octokit/plugin-retry': [ '8.1.0' ],
14 silly audit   '@octokit/plugin-throttling': [ '11.0.3' ],
14 silly audit   '@octokit/request': [ '10.0.8' ],
14 silly audit   '@octokit/request-error': [ '7.1.0' ],
14 silly audit   '@octokit/rest': [ '22.0.1' ],
14 silly audit   '@octokit/types': [ '16.0.0' ],
14 silly audit   '@octokit/webhooks': [ '14.2.0' ],
14 silly audit   '@octokit/webhooks-methods': [ '6.0.0' ],
14 silly audit   '@types/aws-lambda': [ '8.10.161' ],
14 silly audit   'before-after-hook': [ '4.0.0' ],
14 silly audit   bottleneck: [ '2.19.5' ],
14 silly audit   'fast-content-type-parse': [ '3.0.0' ],
14 silly audit   'json-with-bigint': [ '3.5.7' ],
14 silly audit   octokit: [ '5.0.5' ],
14 silly audit   'toad-cache': [ '3.7.0' ],
14 silly audit   'universal-github-app-jwt': [ '2.2.2' ],
14 silly audit   'universal-user-agent': [ '7.0.3' ]
14 silly audit }
15 http fetch POST 200 https://registry.npmjs.org/-/npm/v1/security/advisories/bulk 290ms
16 silly audit report {}
17 verbose cwd /home/container
18 verbose os Linux 6.17.9-1-pve
19 verbose node v21.7.3
20 verbose npm  v10.9.4
21 verbose exit 0
22 info ok
